0 verbose cli C:\Program Files\nodejs\node.exe C:\Users\kajal\AppData\Roaming\npm\node_modules\npm\bin\npm-cli.js
1 info using npm@10.8.3
2 info using node@v22.11.0
3 silly config load:file:C:\Users\kajal\AppData\Roaming\npm\node_modules\npm\npmrc
4 silly config load:file:C:\Users\kajal\.npmrc
5 silly config load:file:C:\Users\kajal\AppData\Roaming\npm\etc\npmrc
6 verbose title npm install vite
7 verbose argv "install" "--global" "vite"
8 verbose logfile logs-max:10 dir:E:\Tailwindcss\Razorpay-Clone-main\path\to\another\directory\.npm-cache\_logs\2025-02-12T18_12_43_944Z-
9 verbose logfile E:\Tailwindcss\Razorpay-Clone-main\path\to\another\directory\.npm-cache\_logs\2025-02-12T18_12_43_944Z-debug-0.log
10 silly packumentCache heap:2197815296 maxSize:549453824 maxEntrySize:274726912
11 silly logfile done cleaning log files
12 silly idealTree buildDeps
13 silly fetch manifest vite@*
14 silly packumentCache full:https://registry.npmjs.org/vite cache-miss
15 http fetch GET 200 https://registry.npmjs.org/vite 929ms (cache miss)
16 silly packumentCache full:https://registry.npmjs.org/vite set size:undefined disposed:false
17 silly placeDep ROOT vite@6.1.0 OK for:  want: *
18 silly fetch manifest esbuild@^0.24.2
19 silly packumentCache full:https://registry.npmjs.org/esbuild cache-miss
20 silly fetch manifest postcss@^8.5.1
21 silly packumentCache full:https://registry.npmjs.org/postcss cache-miss
22 silly fetch manifest rollup@^4.30.1
23 silly packumentCache full:https://registry.npmjs.org/rollup cache-miss
24 silly fetch manifest fsevents@~2.3.3
25 silly packumentCache full:https://registry.npmjs.org/fsevents cache-miss
26 http fetch GET 200 https://registry.npmjs.org/fsevents 80ms (cache miss)
27 silly packumentCache full:https://registry.npmjs.org/fsevents set size:undefined disposed:false
28 http fetch GET 200 https://registry.npmjs.org/esbuild 97ms (cache miss)
29 silly packumentCache full:https://registry.npmjs.org/esbuild set size:undefined disposed:false
30 http fetch GET 200 https://registry.npmjs.org/postcss 149ms (cache miss)
31 silly packumentCache full:https://registry.npmjs.org/postcss set size:undefined disposed:false
32 http fetch GET 200 https://registry.npmjs.org/rollup 203ms (cache miss)
33 silly packumentCache full:https://registry.npmjs.org/rollup set size:undefined disposed:false
34 silly placeDep node_modules/vite esbuild@0.24.2 OK for: vite@6.1.0 want: ^0.24.2
35 silly placeDep node_modules/vite fsevents@2.3.3 OK for: vite@6.1.0 want: ~2.3.3
36 silly placeDep node_modules/vite postcss@8.5.2 OK for: vite@6.1.0 want: ^8.5.1
37 silly placeDep node_modules/vite rollup@4.34.6 OK for: vite@6.1.0 want: ^4.30.1
38 silly fetch manifest @esbuild/aix-ppc64@0.24.2
39 silly packumentCache full:https://registry.npmjs.org/@esbuild%2faix-ppc64 cache-miss
40 silly fetch manifest @esbuild/linux-arm@0.24.2
41 silly packumentCache full:https://registry.npmjs.org/@esbuild%2flinux-arm cache-miss
42 silly fetch manifest @esbuild/linux-x64@0.24.2
43 silly packumentCache full:https://registry.npmjs.org/@esbuild%2flinux-x64 cache-miss
44 silly fetch manifest @esbuild/sunos-x64@0.24.2
45 silly packumentCache full:https://registry.npmjs.org/@esbuild%2fsunos-x64 cache-miss
46 silly fetch manifest @esbuild/win32-x64@0.24.2
47 silly packumentCache full:https://registry.npmjs.org/@esbuild%2fwin32-x64 cache-miss
48 silly fetch manifest @esbuild/darwin-x64@0.24.2
49 silly packumentCache full:https://registry.npmjs.org/@esbuild%2fdarwin-x64 cache-miss
50 silly fetch manifest @esbuild/linux-ia32@0.24.2
51 silly packumentCache full:https://registry.npmjs.org/@esbuild%2flinux-ia32 cache-miss
52 silly fetch manifest @esbuild/netbsd-x64@0.24.2
53 silly packumentCache full:https://registry.npmjs.org/@esbuild%2fnetbsd-x64 cache-miss
54 silly fetch manifest @esbuild/win32-ia32@0.24.2
55 silly packumentCache full:https://registry.npmjs.org/@esbuild%2fwin32-ia32 cache-miss
56 silly fetch manifest @esbuild/android-arm@0.24.2
57 silly packumentCache full:https://registry.npmjs.org/@esbuild%2fandroid-arm cache-miss
58 silly fetch manifest @esbuild/android-x64@0.24.2
59 silly packumentCache full:https://registry.npmjs.org/@esbuild%2fandroid-x64 cache-miss
60 http fetch GET 200 https://registry.npmjs.org/@esbuild%2fsunos-x64 93ms (cache miss)
61 silly packumentCache full:https://registry.npmjs.org/@esbuild%2fsunos-x64 set size:undefined disposed:false
62 silly fetch manifest @esbuild/freebsd-x64@0.24.2
63 silly packumentCache full:https://registry.npmjs.org/@esbuild%2ffreebsd-x64 cache-miss
64 http fetch GET 200 https://registry.npmjs.org/@esbuild%2flinux-arm 99ms (cache miss)
65 silly packumentCache full:https://registry.npmjs.org/@esbuild%2flinux-arm set size:undefined disposed:false
66 silly fetch manifest @esbuild/linux-arm64@0.24.2
67 silly packumentCache full:https://registry.npmjs.org/@esbuild%2flinux-arm64 cache-miss
68 http fetch GET 200 https://registry.npmjs.org/@esbuild%2faix-ppc64 115ms (cache miss)
69 silly packumentCache full:https://registry.npmjs.org/@esbuild%2faix-ppc64 set size:undefined disposed:false
70 silly fetch manifest @esbuild/linux-ppc64@0.24.2
71 silly packumentCache full:https://registry.npmjs.org/@esbuild%2flinux-ppc64 cache-miss
72 http fetch GET 200 https://registry.npmjs.org/@esbuild%2flinux-x64 119ms (cache miss)
73 silly packumentCache full:https://registry.npmjs.org/@esbuild%2flinux-x64 set size:undefined disposed:false
74 silly fetch manifest @esbuild/linux-s390x@0.24.2
75 silly packumentCache full:https://registry.npmjs.org/@esbuild%2flinux-s390x cache-miss
76 http fetch GET 200 https://registry.npmjs.org/@esbuild%2fwin32-x64 136ms (cache miss)
77 silly packumentCache full:https://registry.npmjs.org/@esbuild%2fwin32-x64 set size:undefined disposed:false
78 silly fetch manifest @esbuild/openbsd-x64@0.24.2
79 silly packumentCache full:https://registry.npmjs.org/@esbuild%2fopenbsd-x64 cache-miss
80 http fetch GET 200 https://registry.npmjs.org/@esbuild%2flinux-ia32 140ms (cache miss)
81 silly packumentCache full:https://registry.npmjs.org/@esbuild%2flinux-ia32 set size:undefined disposed:false
82 silly fetch manifest @esbuild/win32-arm64@0.24.2
83 silly packumentCache full:https://registry.npmjs.org/@esbuild%2fwin32-arm64 cache-miss
84 http fetch GET 200 https://registry.npmjs.org/@esbuild%2ffreebsd-x64 83ms (cache miss)
85 silly packumentCache full:https://registry.npmjs.org/@esbuild%2ffreebsd-x64 set size:undefined disposed:false
86 silly fetch manifest @esbuild/darwin-arm64@0.24.2
87 silly packumentCache full:https://registry.npmjs.org/@esbuild%2fdarwin-arm64 cache-miss
88 http fetch GET 200 https://registry.npmjs.org/@esbuild%2flinux-arm64 89ms (cache miss)
89 silly packumentCache full:https://registry.npmjs.org/@esbuild%2flinux-arm64 set size:undefined disposed:false
90 silly fetch manifest @esbuild/netbsd-arm64@0.24.2
91 silly packumentCache full:https://registry.npmjs.org/@esbuild%2fnetbsd-arm64 cache-miss
92 http fetch GET 200 https://registry.npmjs.org/@esbuild%2flinux-ppc64 80ms (cache miss)
93 silly packumentCache full:https://registry.npmjs.org/@esbuild%2flinux-ppc64 set size:undefined disposed:false
94 silly fetch manifest @esbuild/android-arm64@0.24.2
95 silly packumentCache full:https://registry.npmjs.org/@esbuild%2fandroid-arm64 cache-miss
96 http fetch GET 200 https://registry.npmjs.org/@esbuild%2fnetbsd-x64 194ms (cache miss)
97 silly packumentCache full:https://registry.npmjs.org/@esbuild%2fnetbsd-x64 set size:undefined disposed:false
98 silly fetch manifest @esbuild/freebsd-arm64@0.24.2
99 silly packumentCache full:https://registry.npmjs.org/@esbuild%2ffreebsd-arm64 cache-miss
100 http fetch GET 200 https://registry.npmjs.org/@esbuild%2flinux-s390x 85ms (cache miss)
101 silly packumentCache full:https://registry.npmjs.org/@esbuild%2flinux-s390x set size:undefined disposed:false
102 silly fetch manifest @esbuild/linux-loong64@0.24.2
103 silly packumentCache full:https://registry.npmjs.org/@esbuild%2flinux-loong64 cache-miss
104 http fetch GET 200 https://registry.npmjs.org/@esbuild%2fandroid-x64 211ms (cache miss)
105 silly packumentCache full:https://registry.npmjs.org/@esbuild%2fandroid-x64 set size:undefined disposed:false
106 silly fetch manifest @esbuild/linux-riscv64@0.24.2
107 silly packumentCache full:https://registry.npmjs.org/@esbuild%2flinux-riscv64 cache-miss
108 http fetch GET 200 https://registry.npmjs.org/@esbuild%2fwin32-ia32 214ms (cache miss)
109 silly packumentCache full:https://registry.npmjs.org/@esbuild%2fwin32-ia32 set size:undefined disposed:false
110 silly fetch manifest @esbuild/openbsd-arm64@0.24.2
111 silly packumentCache full:https://registry.npmjs.org/@esbuild%2fopenbsd-arm64 cache-miss
112 http fetch GET 200 https://registry.npmjs.org/@esbuild%2fdarwin-x64 218ms (cache miss)
113 silly packumentCache full:https://registry.npmjs.org/@esbuild%2fdarwin-x64 set size:undefined disposed:false
114 silly fetch manifest @esbuild/linux-mips64el@0.24.2
115 silly packumentCache full:https://registry.npmjs.org/@esbuild%2flinux-mips64el cache-miss
116 http fetch GET 200 https://registry.npmjs.org/@esbuild%2fandroid-arm 220ms (cache miss)
117 silly packumentCache full:https://registry.npmjs.org/@esbuild%2fandroid-arm set size:undefined disposed:false
118 silly fetch manifest nanoid@^3.3.8
119 silly packumentCache full:https://registry.npmjs.org/nanoid cache-miss
120 http fetch GET 200 https://registry.npmjs.org/@esbuild%2fopenbsd-x64 87ms (cache miss)
121 silly packumentCache full:https://registry.npmjs.org/@esbuild%2fopenbsd-x64 set size:undefined disposed:false
122 silly fetch manifest picocolors@^1.1.1
123 silly packumentCache full:https://registry.npmjs.org/picocolors cache-miss
124 http fetch GET 200 https://registry.npmjs.org/@esbuild%2fwin32-arm64 87ms (cache miss)
125 silly packumentCache full:https://registry.npmjs.org/@esbuild%2fwin32-arm64 set size:undefined disposed:false
126 silly fetch manifest source-map-js@^1.2.1
127 silly packumentCache full:https://registry.npmjs.org/source-map-js cache-miss
128 http fetch GET 200 https://registry.npmjs.org/@esbuild%2ffreebsd-arm64 55ms (cache miss)
129 silly packumentCache full:https://registry.npmjs.org/@esbuild%2ffreebsd-arm64 set size:undefined disposed:false
130 silly fetch manifest @types/estree@1.0.6
131 silly packumentCache full:https://registry.npmjs.org/@types%2festree cache-miss
132 http fetch GET 200 https://registry.npmjs.org/@esbuild%2fnetbsd-arm64 66ms (cache miss)
133 silly packumentCache full:https://registry.npmjs.org/@esbuild%2fnetbsd-arm64 set size:undefined disposed:false
134 silly fetch manifest @rollup/rollup-darwin-arm64@4.34.6
135 silly packumentCache full:https://registry.npmjs.org/@rollup%2frollup-darwin-arm64 cache-miss
136 http fetch GET 200 https://registry.npmjs.org/@esbuild%2fdarwin-arm64 75ms (cache miss)
137 silly packumentCache full:https://registry.npmjs.org/@esbuild%2fdarwin-arm64 set size:undefined disposed:false
138 silly fetch manifest @rollup/rollup-android-arm64@4.34.6
139 silly packumentCache full:https://registry.npmjs.org/@rollup%2frollup-android-arm64 cache-miss
140 http fetch GET 200 https://registry.npmjs.org/@esbuild%2fandroid-arm64 81ms (cache miss)
141 silly packumentCache full:https://registry.npmjs.org/@esbuild%2fandroid-arm64 set size:undefined disposed:false
142 silly fetch manifest @rollup/rollup-win32-arm64-msvc@4.34.6
143 silly packumentCache full:https://registry.npmjs.org/@rollup%2frollup-win32-arm64-msvc cache-miss
144 http fetch GET 200 https://registry.npmjs.org/source-map-js 53ms (cache miss)
145 silly packumentCache full:https://registry.npmjs.org/source-map-js set size:undefined disposed:false
146 silly fetch manifest @rollup/rollup-freebsd-arm64@4.34.6
147 silly packumentCache full:https://registry.npmjs.org/@rollup%2frollup-freebsd-arm64 cache-miss
148 http fetch GET 200 https://registry.npmjs.org/picocolors 58ms (cache miss)
149 silly packumentCache full:https://registry.npmjs.org/picocolors set size:undefined disposed:false
150 silly fetch manifest @rollup/rollup-linux-arm64-gnu@4.34.6
151 silly packumentCache full:https://registry.npmjs.org/@rollup%2frollup-linux-arm64-gnu cache-miss
152 http fetch GET 200 https://registry.npmjs.org/@esbuild%2fopenbsd-arm64 70ms (cache miss)
153 silly packumentCache full:https://registry.npmjs.org/@esbuild%2fopenbsd-arm64 set size:undefined disposed:false
154 silly fetch manifest @rollup/rollup-linux-arm64-musl@4.34.6
155 silly packumentCache full:https://registry.npmjs.org/@rollup%2frollup-linux-arm64-musl cache-miss
156 http fetch GET 200 https://registry.npmjs.org/@esbuild%2flinux-mips64el 71ms (cache miss)
157 silly packumentCache full:https://registry.npmjs.org/@esbuild%2flinux-mips64el set size:undefined disposed:false
158 silly fetch manifest @rollup/rollup-android-arm-eabi@4.34.6
159 silly packumentCache full:https://registry.npmjs.org/@rollup%2frollup-android-arm-eabi cache-miss
160 http fetch GET 200 https://registry.npmjs.org/@esbuild%2flinux-loong64 90ms (cache miss)
161 silly packumentCache full:https://registry.npmjs.org/@esbuild%2flinux-loong64 set size:undefined disposed:false
162 silly fetch manifest @rollup/rollup-linux-arm-gnueabihf@4.34.6
163 silly packumentCache full:https://registry.npmjs.org/@rollup%2frollup-linux-arm-gnueabihf cache-miss
164 http fetch GET 200 https://registry.npmjs.org/@esbuild%2flinux-riscv64 87ms (cache miss)
165 silly packumentCache full:https://registry.npmjs.org/@esbuild%2flinux-riscv64 set size:undefined disposed:false
166 silly fetch manifest @rollup/rollup-linux-arm-musleabihf@4.34.6
167 silly packumentCache full:https://registry.npmjs.org/@rollup%2frollup-linux-arm-musleabihf cache-miss
168 http fetch GET 200 https://registry.npmjs.org/nanoid 84ms (cache miss)
169 silly packumentCache full:https://registry.npmjs.org/nanoid set size:undefined disposed:false
170 silly fetch manifest @rollup/rollup-win32-ia32-msvc@4.34.6
171 silly packumentCache full:https://registry.npmjs.org/@rollup%2frollup-win32-ia32-msvc cache-miss
172 http fetch GET 200 https://registry.npmjs.org/@types%2festree 64ms (cache miss)
173 silly packumentCache full:https://registry.npmjs.org/@types%2festree set size:undefined disposed:false
174 silly fetch manifest @rollup/rollup-linux-loongarch64-gnu@4.34.6
175 silly packumentCache full:https://registry.npmjs.org/@rollup%2frollup-linux-loongarch64-gnu cache-miss
176 http fetch GET 200 https://registry.npmjs.org/@rollup%2frollup-freebsd-arm64 239ms (cache miss)
177 silly packumentCache full:https://registry.npmjs.org/@rollup%2frollup-freebsd-arm64 set size:undefined disposed:false
178 silly fetch manifest @rollup/rollup-linux-riscv64-gnu@4.34.6
179 silly packumentCache full:https://registry.npmjs.org/@rollup%2frollup-linux-riscv64-gnu cache-miss
180 http fetch GET 200 https://registry.npmjs.org/@rollup%2frollup-darwin-arm64 273ms (cache miss)
181 silly packumentCache full:https://registry.npmjs.org/@rollup%2frollup-darwin-arm64 set size:undefined disposed:false
182 silly fetch manifest @rollup/rollup-linux-powerpc64le-gnu@4.34.6
183 silly packumentCache full:https://registry.npmjs.org/@rollup%2frollup-linux-powerpc64le-gnu cache-miss
184 http fetch GET 200 https://registry.npmjs.org/@rollup%2frollup-android-arm-eabi 286ms (cache miss)
185 silly packumentCache full:https://registry.npmjs.org/@rollup%2frollup-android-arm-eabi set size:undefined disposed:false
186 silly fetch manifest @rollup/rollup-linux-s390x-gnu@4.34.6
187 silly packumentCache full:https://registry.npmjs.org/@rollup%2frollup-linux-s390x-gnu cache-miss
188 http fetch GET 200 https://registry.npmjs.org/@rollup%2frollup-linux-arm-gnueabihf 285ms (cache miss)
189 silly packumentCache full:https://registry.npmjs.org/@rollup%2frollup-linux-arm-gnueabihf set size:undefined disposed:false
190 silly fetch manifest @rollup/rollup-darwin-x64@4.34.6
191 silly packumentCache full:https://registry.npmjs.org/@rollup%2frollup-darwin-x64 cache-miss
192 http fetch GET 200 https://registry.npmjs.org/@rollup%2frollup-android-arm64 336ms (cache miss)
193 silly packumentCache full:https://registry.npmjs.org/@rollup%2frollup-android-arm64 set size:undefined disposed:false
194 silly fetch manifest @rollup/rollup-win32-x64-msvc@4.34.6
195 silly packumentCache full:https://registry.npmjs.org/@rollup%2frollup-win32-x64-msvc cache-miss
196 http fetch GET 200 https://registry.npmjs.org/@rollup%2frollup-win32-arm64-msvc 320ms (cache miss)
197 silly packumentCache full:https://registry.npmjs.org/@rollup%2frollup-win32-arm64-msvc set size:undefined disposed:false
198 silly fetch manifest @rollup/rollup-freebsd-x64@4.34.6
199 silly packumentCache full:https://registry.npmjs.org/@rollup%2frollup-freebsd-x64 cache-miss
200 http fetch GET 200 https://registry.npmjs.org/@rollup%2frollup-linux-arm64-gnu 316ms (cache miss)
201 silly packumentCache full:https://registry.npmjs.org/@rollup%2frollup-linux-arm64-gnu set size:undefined disposed:false
202 silly fetch manifest @rollup/rollup-linux-x64-gnu@4.34.6
203 silly packumentCache full:https://registry.npmjs.org/@rollup%2frollup-linux-x64-gnu cache-miss
204 http fetch GET 200 https://registry.npmjs.org/@rollup%2frollup-linux-arm64-musl 319ms (cache miss)
205 silly packumentCache full:https://registry.npmjs.org/@rollup%2frollup-linux-arm64-musl set size:undefined disposed:false
206 silly fetch manifest @rollup/rollup-linux-x64-musl@4.34.6
207 silly packumentCache full:https://registry.npmjs.org/@rollup%2frollup-linux-x64-musl cache-miss
208 http fetch GET 200 https://registry.npmjs.org/@rollup%2frollup-win32-ia32-msvc 299ms (cache miss)
209 silly packumentCache full:https://registry.npmjs.org/@rollup%2frollup-win32-ia32-msvc set size:undefined disposed:false
210 http fetch GET 200 https://registry.npmjs.org/@rollup%2frollup-linux-loongarch64-gnu 331ms (cache miss)
211 silly packumentCache full:https://registry.npmjs.org/@rollup%2frollup-linux-loongarch64-gnu set size:undefined disposed:false
212 http fetch GET 200 https://registry.npmjs.org/@rollup%2frollup-win32-x64-msvc 102ms (cache miss)
213 silly packumentCache full:https://registry.npmjs.org/@rollup%2frollup-win32-x64-msvc set size:undefined disposed:false
214 http fetch GET 200 https://registry.npmjs.org/@rollup%2frollup-linux-arm-musleabihf 415ms (cache miss)
215 silly packumentCache full:https://registry.npmjs.org/@rollup%2frollup-linux-arm-musleabihf set size:undefined disposed:false
216 http fetch GET 200 https://registry.npmjs.org/@rollup%2frollup-linux-riscv64-gnu 262ms (cache miss)
217 silly packumentCache full:https://registry.npmjs.org/@rollup%2frollup-linux-riscv64-gnu set size:undefined disposed:false
218 http fetch GET 200 https://registry.npmjs.org/@rollup%2frollup-linux-powerpc64le-gnu 271ms (cache miss)
219 silly packumentCache full:https://registry.npmjs.org/@rollup%2frollup-linux-powerpc64le-gnu set size:undefined disposed:false
220 http fetch GET 200 https://registry.npmjs.org/@rollup%2frollup-freebsd-x64 224ms (cache miss)
221 silly packumentCache full:https://registry.npmjs.org/@rollup%2frollup-freebsd-x64 set size:undefined disposed:false
222 http fetch GET 200 https://registry.npmjs.org/@rollup%2frollup-linux-s390x-gnu 269ms (cache miss)
223 silly packumentCache full:https://registry.npmjs.org/@rollup%2frollup-linux-s390x-gnu set size:undefined disposed:false
224 http fetch GET 200 https://registry.npmjs.org/@rollup%2frollup-darwin-x64 279ms (cache miss)
225 silly packumentCache full:https://registry.npmjs.org/@rollup%2frollup-darwin-x64 set size:undefined disposed:false
226 http fetch GET 200 https://registry.npmjs.org/@rollup%2frollup-linux-x64-gnu 369ms (cache miss)
227 silly packumentCache full:https://registry.npmjs.org/@rollup%2frollup-linux-x64-gnu set size:undefined disposed:false
228 http fetch GET 200 https://registry.npmjs.org/@rollup%2frollup-linux-x64-musl 398ms (cache miss)
229 silly packumentCache full:https://registry.npmjs.org/@rollup%2frollup-linux-x64-musl set size:undefined disposed:false
230 silly placeDep node_modules/vite @esbuild/aix-ppc64@0.24.2 OK for: esbuild@0.24.2 want: 0.24.2
231 silly placeDep node_modules/vite @esbuild/android-arm@0.24.2 OK for: esbuild@0.24.2 want: 0.24.2
232 silly placeDep node_modules/vite @esbuild/android-arm64@0.24.2 OK for: esbuild@0.24.2 want: 0.24.2
233 silly placeDep node_modules/vite @esbuild/android-x64@0.24.2 OK for: esbuild@0.24.2 want: 0.24.2
234 silly placeDep node_modules/vite @esbuild/darwin-arm64@0.24.2 OK for: esbuild@0.24.2 want: 0.24.2
235 silly placeDep node_modules/vite @esbuild/darwin-x64@0.24.2 OK for: esbuild@0.24.2 want: 0.24.2
236 silly placeDep node_modules/vite @esbuild/freebsd-arm64@0.24.2 OK for: esbuild@0.24.2 want: 0.24.2
237 silly placeDep node_modules/vite @esbuild/freebsd-x64@0.24.2 OK for: esbuild@0.24.2 want: 0.24.2
238 silly placeDep node_modules/vite @esbuild/linux-arm@0.24.2 OK for: esbuild@0.24.2 want: 0.24.2
239 silly placeDep node_modules/vite @esbuild/linux-arm64@0.24.2 OK for: esbuild@0.24.2 want: 0.24.2
240 silly placeDep node_modules/vite @esbuild/linux-ia32@0.24.2 OK for: esbuild@0.24.2 want: 0.24.2
241 silly placeDep node_modules/vite @esbuild/linux-loong64@0.24.2 OK for: esbuild@0.24.2 want: 0.24.2
242 silly placeDep node_modules/vite @esbuild/linux-mips64el@0.24.2 OK for: esbuild@0.24.2 want: 0.24.2
243 silly placeDep node_modules/vite @esbuild/linux-ppc64@0.24.2 OK for: esbuild@0.24.2 want: 0.24.2
244 silly placeDep node_modules/vite @esbuild/linux-riscv64@0.24.2 OK for: esbuild@0.24.2 want: 0.24.2
245 silly placeDep node_modules/vite @esbuild/linux-s390x@0.24.2 OK for: esbuild@0.24.2 want: 0.24.2
246 silly placeDep node_modules/vite @esbuild/linux-x64@0.24.2 OK for: esbuild@0.24.2 want: 0.24.2
247 silly placeDep node_modules/vite @esbuild/netbsd-arm64@0.24.2 OK for: esbuild@0.24.2 want: 0.24.2
248 silly placeDep node_modules/vite @esbuild/netbsd-x64@0.24.2 OK for: esbuild@0.24.2 want: 0.24.2
249 silly placeDep node_modules/vite @esbuild/openbsd-arm64@0.24.2 OK for: esbuild@0.24.2 want: 0.24.2
250 silly placeDep node_modules/vite @esbuild/openbsd-x64@0.24.2 OK for: esbuild@0.24.2 want: 0.24.2
251 silly placeDep node_modules/vite @esbuild/sunos-x64@0.24.2 OK for: esbuild@0.24.2 want: 0.24.2
252 silly placeDep node_modules/vite @esbuild/win32-arm64@0.24.2 OK for: esbuild@0.24.2 want: 0.24.2
253 silly placeDep node_modules/vite @esbuild/win32-ia32@0.24.2 OK for: esbuild@0.24.2 want: 0.24.2
254 silly placeDep node_modules/vite @esbuild/win32-x64@0.24.2 OK for: esbuild@0.24.2 want: 0.24.2
255 silly placeDep node_modules/vite nanoid@3.3.8 OK for: postcss@8.5.2 want: ^3.3.8
256 silly placeDep node_modules/vite picocolors@1.1.1 OK for: postcss@8.5.2 want: ^1.1.1
257 silly placeDep node_modules/vite source-map-js@1.2.1 OK for: postcss@8.5.2 want: ^1.2.1
258 silly placeDep node_modules/vite @rollup/rollup-android-arm-eabi@4.34.6 OK for: rollup@4.34.6 want: 4.34.6
259 silly placeDep node_modules/vite @rollup/rollup-android-arm64@4.34.6 OK for: rollup@4.34.6 want: 4.34.6
260 silly placeDep node_modules/vite @rollup/rollup-darwin-arm64@4.34.6 OK for: rollup@4.34.6 want: 4.34.6
261 silly placeDep node_modules/vite @rollup/rollup-darwin-x64@4.34.6 OK for: rollup@4.34.6 want: 4.34.6
262 silly placeDep node_modules/vite @rollup/rollup-freebsd-arm64@4.34.6 OK for: rollup@4.34.6 want: 4.34.6
263 silly placeDep node_modules/vite @rollup/rollup-freebsd-x64@4.34.6 OK for: rollup@4.34.6 want: 4.34.6
264 silly placeDep node_modules/vite @rollup/rollup-linux-arm-gnueabihf@4.34.6 OK for: rollup@4.34.6 want: 4.34.6
265 silly placeDep node_modules/vite @rollup/rollup-linux-arm-musleabihf@4.34.6 OK for: rollup@4.34.6 want: 4.34.6
266 silly placeDep node_modules/vite @rollup/rollup-linux-arm64-gnu@4.34.6 OK for: rollup@4.34.6 want: 4.34.6
267 silly placeDep node_modules/vite @rollup/rollup-linux-arm64-musl@4.34.6 OK for: rollup@4.34.6 want: 4.34.6
268 silly placeDep node_modules/vite @rollup/rollup-linux-loongarch64-gnu@4.34.6 OK for: rollup@4.34.6 want: 4.34.6
269 silly placeDep node_modules/vite @rollup/rollup-linux-powerpc64le-gnu@4.34.6 OK for: rollup@4.34.6 want: 4.34.6
270 silly placeDep node_modules/vite @rollup/rollup-linux-riscv64-gnu@4.34.6 OK for: rollup@4.34.6 want: 4.34.6
271 silly placeDep node_modules/vite @rollup/rollup-linux-s390x-gnu@4.34.6 OK for: rollup@4.34.6 want: 4.34.6
272 silly placeDep node_modules/vite @rollup/rollup-linux-x64-gnu@4.34.6 OK for: rollup@4.34.6 want: 4.34.6
273 silly placeDep node_modules/vite @rollup/rollup-linux-x64-musl@4.34.6 OK for: rollup@4.34.6 want: 4.34.6
274 silly placeDep node_modules/vite @rollup/rollup-win32-arm64-msvc@4.34.6 OK for: rollup@4.34.6 want: 4.34.6
275 silly placeDep node_modules/vite @rollup/rollup-win32-ia32-msvc@4.34.6 OK for: rollup@4.34.6 want: 4.34.6
276 silly placeDep node_modules/vite @rollup/rollup-win32-x64-msvc@4.34.6 OK for: rollup@4.34.6 want: 4.34.6
277 silly placeDep node_modules/vite @types/estree@1.0.6 OK for: rollup@4.34.6 want: 1.0.6
278 silly reify moves {}
279 verbose reify failed optional dependency C:\Users\kajal\AppData\Roaming\npm\node_modules\vite\node_modules\@rollup\rollup-win32-ia32-msvc
280 silly reify mark deleted [
280 silly reify   'C:\\Users\\kajal\\AppData\\Roaming\\npm\\node_modules\\vite\\node_modules\\@rollup\\rollup-win32-ia32-msvc'
280 silly reify ]
281 verbose reify failed optional dependency C:\Users\kajal\AppData\Roaming\npm\node_modules\vite\node_modules\@rollup\rollup-win32-arm64-msvc
282 silly reify mark deleted [
282 silly reify   'C:\\Users\\kajal\\AppData\\Roaming\\npm\\node_modules\\vite\\node_modules\\@rollup\\rollup-win32-arm64-msvc'
282 silly reify ]
283 verbose reify failed optional dependency C:\Users\kajal\AppData\Roaming\npm\node_modules\vite\node_modules\@rollup\rollup-linux-x64-musl
284 silly reify mark deleted [
284 silly reify   'C:\\Users\\kajal\\AppData\\Roaming\\npm\\node_modules\\vite\\node_modules\\@rollup\\rollup-linux-x64-musl'
284 silly reify ]
285 verbose reify failed optional dependency C:\Users\kajal\AppData\Roaming\npm\node_modules\vite\node_modules\@rollup\rollup-linux-x64-gnu
286 silly reify mark deleted [
286 silly reify   'C:\\Users\\kajal\\AppData\\Roaming\\npm\\node_modules\\vite\\node_modules\\@rollup\\rollup-linux-x64-gnu'
286 silly reify ]
287 verbose reify failed optional dependency C:\Users\kajal\AppData\Roaming\npm\node_modules\vite\node_modules\@rollup\rollup-linux-s390x-gnu
288 silly reify mark deleted [
288 silly reify   'C:\\Users\\kajal\\AppData\\Roaming\\npm\\node_modules\\vite\\node_modules\\@rollup\\rollup-linux-s390x-gnu'
288 silly reify ]
289 verbose reify failed optional dependency C:\Users\kajal\AppData\Roaming\npm\node_modules\vite\node_modules\@rollup\rollup-linux-riscv64-gnu
290 silly reify mark deleted [
290 silly reify   'C:\\Users\\kajal\\AppData\\Roaming\\npm\\node_modules\\vite\\node_modules\\@rollup\\rollup-linux-riscv64-gnu'
290 silly reify ]
291 verbose reify failed optional dependency C:\Users\kajal\AppData\Roaming\npm\node_modules\vite\node_modules\@rollup\rollup-linux-powerpc64le-gnu
292 silly reify mark deleted [
292 silly reify   'C:\\Users\\kajal\\AppData\\Roaming\\npm\\node_modules\\vite\\node_modules\\@rollup\\rollup-linux-powerpc64le-gnu'
292 silly reify ]
293 verbose reify failed optional dependency C:\Users\kajal\AppData\Roaming\npm\node_modules\vite\node_modules\@rollup\rollup-linux-loongarch64-gnu
294 silly reify mark deleted [
294 silly reify   'C:\\Users\\kajal\\AppData\\Roaming\\npm\\node_modules\\vite\\node_modules\\@rollup\\rollup-linux-loongarch64-gnu'
294 silly reify ]
295 verbose reify failed optional dependency C:\Users\kajal\AppData\Roaming\npm\node_modules\vite\node_modules\@rollup\rollup-linux-arm64-musl
296 silly reify mark deleted [
296 silly reify   'C:\\Users\\kajal\\AppData\\Roaming\\npm\\node_modules\\vite\\node_modules\\@rollup\\rollup-linux-arm64-musl'
296 silly reify ]
297 verbose reify failed optional dependency C:\Users\kajal\AppData\Roaming\npm\node_modules\vite\node_modules\@rollup\rollup-linux-arm64-gnu
298 silly reify mark deleted [
298 silly reify   'C:\\Users\\kajal\\AppData\\Roaming\\npm\\node_modules\\vite\\node_modules\\@rollup\\rollup-linux-arm64-gnu'
298 silly reify ]
299 verbose reify failed optional dependency C:\Users\kajal\AppData\Roaming\npm\node_modules\vite\node_modules\@rollup\rollup-linux-arm-musleabihf
300 silly reify mark deleted [
300 silly reify   'C:\\Users\\kajal\\AppData\\Roaming\\npm\\node_modules\\vite\\node_modules\\@rollup\\rollup-linux-arm-musleabihf'
300 silly reify ]
301 verbose reify failed optional dependency C:\Users\kajal\AppData\Roaming\npm\node_modules\vite\node_modules\@rollup\rollup-linux-arm-gnueabihf
302 silly reify mark deleted [
302 silly reify   'C:\\Users\\kajal\\AppData\\Roaming\\npm\\node_modules\\vite\\node_modules\\@rollup\\rollup-linux-arm-gnueabihf'
302 silly reify ]
303 verbose reify failed optional dependency C:\Users\kajal\AppData\Roaming\npm\node_modules\vite\node_modules\@rollup\rollup-freebsd-x64
304 silly reify mark deleted [
304 silly reify   'C:\\Users\\kajal\\AppData\\Roaming\\npm\\node_modules\\vite\\node_modules\\@rollup\\rollup-freebsd-x64'
304 silly reify ]
305 verbose reify failed optional dependency C:\Users\kajal\AppData\Roaming\npm\node_modules\vite\node_modules\@rollup\rollup-freebsd-arm64
306 silly reify mark deleted [
306 silly reify   'C:\\Users\\kajal\\AppData\\Roaming\\npm\\node_modules\\vite\\node_modules\\@rollup\\rollup-freebsd-arm64'
306 silly reify ]
307 verbose reify failed optional dependency C:\Users\kajal\AppData\Roaming\npm\node_modules\vite\node_modules\@rollup\rollup-darwin-x64
308 silly reify mark deleted [
308 silly reify   'C:\\Users\\kajal\\AppData\\Roaming\\npm\\node_modules\\vite\\node_modules\\@rollup\\rollup-darwin-x64'
308 silly reify ]
309 verbose reify failed optional dependency C:\Users\kajal\AppData\Roaming\npm\node_modules\vite\node_modules\@rollup\rollup-darwin-arm64
310 silly reify mark deleted [
310 silly reify   'C:\\Users\\kajal\\AppData\\Roaming\\npm\\node_modules\\vite\\node_modules\\@rollup\\rollup-darwin-arm64'
310 silly reify ]
311 verbose reify failed optional dependency C:\Users\kajal\AppData\Roaming\npm\node_modules\vite\node_modules\@rollup\rollup-android-arm64
312 silly reify mark deleted [
312 silly reify   'C:\\Users\\kajal\\AppData\\Roaming\\npm\\node_modules\\vite\\node_modules\\@rollup\\rollup-android-arm64'
312 silly reify ]
313 verbose reify failed optional dependency C:\Users\kajal\AppData\Roaming\npm\node_modules\vite\node_modules\@rollup\rollup-android-arm-eabi
314 silly reify mark deleted [
314 silly reify   'C:\\Users\\kajal\\AppData\\Roaming\\npm\\node_modules\\vite\\node_modules\\@rollup\\rollup-android-arm-eabi'
314 silly reify ]
315 verbose reify failed optional dependency C:\Users\kajal\AppData\Roaming\npm\node_modules\vite\node_modules\@esbuild\win32-ia32
316 silly reify mark deleted [
316 silly reify   'C:\\Users\\kajal\\AppData\\Roaming\\npm\\node_modules\\vite\\node_modules\\@esbuild\\win32-ia32'
316 silly reify ]
317 verbose reify failed optional dependency C:\Users\kajal\AppData\Roaming\npm\node_modules\vite\node_modules\@esbuild\win32-arm64
318 silly reify mark deleted [
318 silly reify   'C:\\Users\\kajal\\AppData\\Roaming\\npm\\node_modules\\vite\\node_modules\\@esbuild\\win32-arm64'
318 silly reify ]
319 verbose reify failed optional dependency C:\Users\kajal\AppData\Roaming\npm\node_modules\vite\node_modules\@esbuild\sunos-x64
320 silly reify mark deleted [
320 silly reify   'C:\\Users\\kajal\\AppData\\Roaming\\npm\\node_modules\\vite\\node_modules\\@esbuild\\sunos-x64'
320 silly reify ]
321 verbose reify failed optional dependency C:\Users\kajal\AppData\Roaming\npm\node_modules\vite\node_modules\@esbuild\openbsd-x64
322 silly reify mark deleted [
322 silly reify   'C:\\Users\\kajal\\AppData\\Roaming\\npm\\node_modules\\vite\\node_modules\\@esbuild\\openbsd-x64'
322 silly reify ]
323 verbose reify failed optional dependency C:\Users\kajal\AppData\Roaming\npm\node_modules\vite\node_modules\@esbuild\openbsd-arm64
324 silly reify mark deleted [
324 silly reify   'C:\\Users\\kajal\\AppData\\Roaming\\npm\\node_modules\\vite\\node_modules\\@esbuild\\openbsd-arm64'
324 silly reify ]
325 verbose reify failed optional dependency C:\Users\kajal\AppData\Roaming\npm\node_modules\vite\node_modules\@esbuild\netbsd-x64
326 silly reify mark deleted [
326 silly reify   'C:\\Users\\kajal\\AppData\\Roaming\\npm\\node_modules\\vite\\node_modules\\@esbuild\\netbsd-x64'
326 silly reify ]
327 verbose reify failed optional dependency C:\Users\kajal\AppData\Roaming\npm\node_modules\vite\node_modules\@esbuild\netbsd-arm64
328 silly reify mark deleted [
328 silly reify   'C:\\Users\\kajal\\AppData\\Roaming\\npm\\node_modules\\vite\\node_modules\\@esbuild\\netbsd-arm64'
328 silly reify ]
329 verbose reify failed optional dependency C:\Users\kajal\AppData\Roaming\npm\node_modules\vite\node_modules\@esbuild\linux-x64
330 silly reify mark deleted [
330 silly reify   'C:\\Users\\kajal\\AppData\\Roaming\\npm\\node_modules\\vite\\node_modules\\@esbuild\\linux-x64'
330 silly reify ]
331 verbose reify failed optional dependency C:\Users\kajal\AppData\Roaming\npm\node_modules\vite\node_modules\@esbuild\linux-s390x
332 silly reify mark deleted [
332 silly reify   'C:\\Users\\kajal\\AppData\\Roaming\\npm\\node_modules\\vite\\node_modules\\@esbuild\\linux-s390x'
332 silly reify ]
333 verbose reify failed optional dependency C:\Users\kajal\AppData\Roaming\npm\node_modules\vite\node_modules\@esbuild\linux-riscv64
334 silly reify mark deleted [
334 silly reify   'C:\\Users\\kajal\\AppData\\Roaming\\npm\\node_modules\\vite\\node_modules\\@esbuild\\linux-riscv64'
334 silly reify ]
335 verbose reify failed optional dependency C:\Users\kajal\AppData\Roaming\npm\node_modules\vite\node_modules\@esbuild\linux-ppc64
336 silly reify mark deleted [
336 silly reify   'C:\\Users\\kajal\\AppData\\Roaming\\npm\\node_modules\\vite\\node_modules\\@esbuild\\linux-ppc64'
336 silly reify ]
337 verbose reify failed optional dependency C:\Users\kajal\AppData\Roaming\npm\node_modules\vite\node_modules\@esbuild\linux-mips64el
338 silly reify mark deleted [
338 silly reify   'C:\\Users\\kajal\\AppData\\Roaming\\npm\\node_modules\\vite\\node_modules\\@esbuild\\linux-mips64el'
338 silly reify ]
339 verbose reify failed optional dependency C:\Users\kajal\AppData\Roaming\npm\node_modules\vite\node_modules\@esbuild\linux-loong64
340 silly reify mark deleted [
340 silly reify   'C:\\Users\\kajal\\AppData\\Roaming\\npm\\node_modules\\vite\\node_modules\\@esbuild\\linux-loong64'
340 silly reify ]
341 verbose reify failed optional dependency C:\Users\kajal\AppData\Roaming\npm\node_modules\vite\node_modules\@esbuild\linux-ia32
342 silly reify mark deleted [
342 silly reify   'C:\\Users\\kajal\\AppData\\Roaming\\npm\\node_modules\\vite\\node_modules\\@esbuild\\linux-ia32'
342 silly reify ]
343 verbose reify failed optional dependency C:\Users\kajal\AppData\Roaming\npm\node_modules\vite\node_modules\@esbuild\linux-arm64
344 silly reify mark deleted [
344 silly reify   'C:\\Users\\kajal\\AppData\\Roaming\\npm\\node_modules\\vite\\node_modules\\@esbuild\\linux-arm64'
344 silly reify ]
345 verbose reify failed optional dependency C:\Users\kajal\AppData\Roaming\npm\node_modules\vite\node_modules\@esbuild\linux-arm
346 silly reify mark deleted [
346 silly reify   'C:\\Users\\kajal\\AppData\\Roaming\\npm\\node_modules\\vite\\node_modules\\@esbuild\\linux-arm'
346 silly reify ]
347 verbose reify failed optional dependency C:\Users\kajal\AppData\Roaming\npm\node_modules\vite\node_modules\@esbuild\freebsd-x64
348 silly reify mark deleted [
348 silly reify   'C:\\Users\\kajal\\AppData\\Roaming\\npm\\node_modules\\vite\\node_modules\\@esbuild\\freebsd-x64'
348 silly reify ]
349 verbose reify failed optional dependency C:\Users\kajal\AppData\Roaming\npm\node_modules\vite\node_modules\@esbuild\freebsd-arm64
350 silly reify mark deleted [
350 silly reify   'C:\\Users\\kajal\\AppData\\Roaming\\npm\\node_modules\\vite\\node_modules\\@esbuild\\freebsd-arm64'
350 silly reify ]
351 verbose reify failed optional dependency C:\Users\kajal\AppData\Roaming\npm\node_modules\vite\node_modules\@esbuild\darwin-x64
352 silly reify mark deleted [
352 silly reify   'C:\\Users\\kajal\\AppData\\Roaming\\npm\\node_modules\\vite\\node_modules\\@esbuild\\darwin-x64'
352 silly reify ]
353 verbose reify failed optional dependency C:\Users\kajal\AppData\Roaming\npm\node_modules\vite\node_modules\@esbuild\darwin-arm64
354 silly reify mark deleted [
354 silly reify   'C:\\Users\\kajal\\AppData\\Roaming\\npm\\node_modules\\vite\\node_modules\\@esbuild\\darwin-arm64'
354 silly reify ]
355 verbose reify failed optional dependency C:\Users\kajal\AppData\Roaming\npm\node_modules\vite\node_modules\@esbuild\android-x64
356 silly reify mark deleted [
356 silly reify   'C:\\Users\\kajal\\AppData\\Roaming\\npm\\node_modules\\vite\\node_modules\\@esbuild\\android-x64'
356 silly reify ]
357 verbose reify failed optional dependency C:\Users\kajal\AppData\Roaming\npm\node_modules\vite\node_modules\@esbuild\android-arm64
358 silly reify mark deleted [
358 silly reify   'C:\\Users\\kajal\\AppData\\Roaming\\npm\\node_modules\\vite\\node_modules\\@esbuild\\android-arm64'
358 silly reify ]
359 verbose reify failed optional dependency C:\Users\kajal\AppData\Roaming\npm\node_modules\vite\node_modules\@esbuild\android-arm
360 silly reify mark deleted [
360 silly reify   'C:\\Users\\kajal\\AppData\\Roaming\\npm\\node_modules\\vite\\node_modules\\@esbuild\\android-arm'
360 silly reify ]
361 verbose reify failed optional dependency C:\Users\kajal\AppData\Roaming\npm\node_modules\vite\node_modules\@esbuild\aix-ppc64
362 silly reify mark deleted [
362 silly reify   'C:\\Users\\kajal\\AppData\\Roaming\\npm\\node_modules\\vite\\node_modules\\@esbuild\\aix-ppc64'
362 silly reify ]
363 verbose reify failed optional dependency C:\Users\kajal\AppData\Roaming\npm\node_modules\vite\node_modules\fsevents
364 silly reify mark deleted [
364 silly reify   'C:\\Users\\kajal\\AppData\\Roaming\\npm\\node_modules\\vite\\node_modules\\fsevents'
364 silly reify ]
365 silly tarball no local data for vite@https://registry.npmjs.org/vite/-/vite-6.1.0.tgz. Extracting by manifest.
366 silly tarball no local data for @types/estree@https://registry.npmjs.org/@types/estree/-/estree-1.0.6.tgz. Extracting by manifest.
367 silly tarball no local data for @rollup/rollup-win32-x64-msvc@https://registry.npmjs.org/@rollup/rollup-win32-x64-msvc/-/rollup-win32-x64-msvc-4.34.6.tgz. Extracting by manifest.
368 silly tarball no local data for source-map-js@https://registry.npmjs.org/source-map-js/-/source-map-js-1.2.1.tgz. Extracting by manifest.
369 silly tarball no local data for picocolors@https://registry.npmjs.org/picocolors/-/picocolors-1.1.1.tgz. Extracting by manifest.
370 silly tarball no local data for @esbuild/win32-x64@https://registry.npmjs.org/@esbuild/win32-x64/-/win32-x64-0.24.2.tgz. Extracting by manifest.
371 silly tarball no local data for nanoid@https://registry.npmjs.org/nanoid/-/nanoid-3.3.8.tgz. Extracting by manifest.
372 silly tarball no local data for rollup@https://registry.npmjs.org/rollup/-/rollup-4.34.6.tgz. Extracting by manifest.
373 silly tarball no local data for postcss@https://registry.npmjs.org/postcss/-/postcss-8.5.2.tgz. Extracting by manifest.
374 silly tarball no local data for esbuild@https://registry.npmjs.org/esbuild/-/esbuild-0.24.2.tgz. Extracting by manifest.
375 http fetch GET 200 https://registry.npmjs.org/picocolors/-/picocolors-1.1.1.tgz 85ms (cache miss)
376 http fetch GET 200 https://registry.npmjs.org/@types/estree/-/estree-1.0.6.tgz 101ms (cache miss)
377 http fetch GET 200 https://registry.npmjs.org/esbuild/-/esbuild-0.24.2.tgz 110ms (cache miss)
378 http fetch GET 200 https://registry.npmjs.org/source-map-js/-/source-map-js-1.2.1.tgz 165ms (cache miss)
379 http fetch GET 200 https://registry.npmjs.org/nanoid/-/nanoid-3.3.8.tgz 189ms (cache miss)
380 http fetch GET 200 https://registry.npmjs.org/@rollup/rollup-win32-x64-msvc/-/rollup-win32-x64-msvc-4.34.6.tgz 267ms (cache miss)
381 http fetch GET 200 https://registry.npmjs.org/postcss/-/postcss-8.5.2.tgz 303ms (cache miss)
382 http fetch GET 200 https://registry.npmjs.org/rollup/-/rollup-4.34.6.tgz 322ms (cache miss)
383 http fetch GET 200 https://registry.npmjs.org/vite/-/vite-6.1.0.tgz 353ms (cache miss)
384 http fetch GET 200 https://registry.npmjs.org/@esbuild/win32-x64/-/win32-x64-0.24.2.tgz 426ms (cache miss)
385 info run esbuild@0.24.2 postinstall node_modules/vite/node_modules/esbuild node install.js
386 info run esbuild@0.24.2 postinstall { code: 0, signal: null }
387 silly ADD node_modules/vite
388 silly ADD node_modules/vite/node_modules/@types/estree
389 silly ADD node_modules/vite/node_modules/@rollup/rollup-win32-x64-msvc
390 silly ADD
391 silly ADD
392 silly ADD
393 silly ADD
394 silly ADD
395 silly ADD
396 silly ADD
397 silly ADD
398 silly ADD
399 silly ADD
400 silly ADD
401 silly ADD
402 silly ADD
403 silly ADD
404 silly ADD
405 silly ADD
406 silly ADD
407 silly ADD
408 silly ADD node_modules/vite/node_modules/source-map-js
409 silly ADD node_modules/vite/node_modules/picocolors
410 silly ADD node_modules/vite/node_modules/nanoid
411 silly ADD node_modules/vite/node_modules/@esbuild/win32-x64
412 silly ADD
413 silly ADD
414 silly ADD
415 silly ADD
416 silly ADD
417 silly ADD
418 silly ADD
419 silly ADD
420 silly ADD
421 silly ADD
422 silly ADD
423 silly ADD
424 silly ADD
425 silly ADD
426 silly ADD
427 silly ADD
428 silly ADD
429 silly ADD
430 silly ADD
431 silly ADD
432 silly ADD
433 silly ADD
434 silly ADD
435 silly ADD
436 silly ADD node_modules/vite/node_modules/rollup
437 silly ADD node_modules/vite/node_modules/postcss
438 silly ADD
439 silly ADD node_modules/vite/node_modules/esbuild
440 verbose cwd E:\Tailwindcss\Razorpay-Clone-main
441 verbose os Windows_NT 10.0.26100
442 verbose node v22.11.0
443 verbose npm  v10.8.3
444 verbose exit 0
445 info ok
